  chip8.cpp
  main.cpp
C:\Users\1\Desktop\Chip-8-emulator\Chip-8-project\Chip-8-project\chip8.cpp(5,9): warning C4005: 'RAND_MAX': macro redefinition
      C:\Program Files (x86)\Windows Kits\10\Include\10.0.22621.0\ucrt\stdlib.h(348,9):
      see previous definition of 'RAND_MAX'
  
C:\Users\1\Desktop\Chip-8-emulator\Chip-8-project\Chip-8-project\chip8.cpp(176,17): error C2374: 'X': redefinition; multiple initialization
      C:\Users\1\Desktop\Chip-8-emulator\Chip-8-project\Chip-8-project\chip8.cpp(169,17):
      see declaration of 'X'
  
C:\Users\1\Desktop\Chip-8-emulator\Chip-8-project\Chip-8-project\chip8.cpp(183,17): error C2374: 'X': redefinition; multiple initialization
      C:\Users\1\Desktop\Chip-8-emulator\Chip-8-project\Chip-8-project\chip8.cpp(169,17):
      see declaration of 'X'
  
C:\Users\1\Desktop\Chip-8-emulator\Chip-8-project\Chip-8-project\chip8.cpp(190,17): error C2374: 'X': redefinition; multiple initialization
      C:\Users\1\Desktop\Chip-8-emulator\Chip-8-project\Chip-8-project\chip8.cpp(169,17):
      see declaration of 'X'
  
C:\Users\1\Desktop\Chip-8-emulator\Chip-8-project\Chip-8-project\chip8.cpp(206,17): error C2374: 'X': redefinition; multiple initialization
      C:\Users\1\Desktop\Chip-8-emulator\Chip-8-project\Chip-8-project\chip8.cpp(169,17):
      see declaration of 'X'
  
C:\Users\1\Desktop\Chip-8-emulator\Chip-8-project\Chip-8-project\chip8.cpp(220,17): error C2374: 'X': redefinition; multiple initialization
      C:\Users\1\Desktop\Chip-8-emulator\Chip-8-project\Chip-8-project\chip8.cpp(169,17):
      see declaration of 'X'
  
C:\Users\1\Desktop\Chip-8-emulator\Chip-8-project\Chip-8-project\chip8.cpp(221,17): error C2374: 'Y': redefinition; multiple initialization
      C:\Users\1\Desktop\Chip-8-emulator\Chip-8-project\Chip-8-project\chip8.cpp(207,17):
      see declaration of 'Y'
  
C:\Users\1\Desktop\Chip-8-emulator\Chip-8-project\Chip-8-project\chip8.cpp(233,17): error C2374: 'X': redefinition; multiple initialization
      C:\Users\1\Desktop\Chip-8-emulator\Chip-8-project\Chip-8-project\chip8.cpp(169,17):
      see declaration of 'X'
  
C:\Users\1\Desktop\Chip-8-emulator\Chip-8-project\Chip-8-project\chip8.cpp(234,17): error C2374: 'Y': redefinition; multiple initialization
      C:\Users\1\Desktop\Chip-8-emulator\Chip-8-project\Chip-8-project\chip8.cpp(207,17):
      see declaration of 'Y'
  
C:\Users\1\Desktop\Chip-8-emulator\Chip-8-project\Chip-8-project\chip8.cpp(247,17): error C2374: 'X': redefinition; multiple initialization
      C:\Users\1\Desktop\Chip-8-emulator\Chip-8-project\Chip-8-project\chip8.cpp(169,17):
      see declaration of 'X'
  
C:\Users\1\Desktop\Chip-8-emulator\Chip-8-project\Chip-8-project\chip8.cpp(248,17): error C2374: 'Y': redefinition; multiple initialization
      C:\Users\1\Desktop\Chip-8-emulator\Chip-8-project\Chip-8-project\chip8.cpp(207,17):
      see declaration of 'Y'
  
C:\Users\1\Desktop\Chip-8-emulator\Chip-8-project\Chip-8-project\chip8.cpp(342,23): warning C4018: '<': signed/unsigned mismatch
C:\Users\1\Desktop\Chip-8-emulator\Chip-8-project\Chip-8-project\chip8.cpp(350,18): error C2374: 'X': redefinition; multiple initialization
      C:\Users\1\Desktop\Chip-8-emulator\Chip-8-project\Chip-8-project\chip8.cpp(341,18):
      see declaration of 'X'
  
C:\Users\1\Desktop\Chip-8-emulator\Chip-8-project\Chip-8-project\chip8.cpp(351,23): warning C4018: '<': signed/unsigned mismatch
C:\Users\1\Desktop\Chip-8-emulator\Chip-8-project\Chip-8-project\chip8.cpp(175,3): error C2360: initialization of 'X' is skipped by 'case' label
      C:\Users\1\Desktop\Chip-8-emulator\Chip-8-project\Chip-8-project\chip8.cpp(169,17):
      see declaration of 'X'
  
C:\Users\1\Desktop\Chip-8-emulator\Chip-8-project\Chip-8-project\chip8.cpp(182,3): error C2360: initialization of 'X' is skipped by 'case' label
      C:\Users\1\Desktop\Chip-8-emulator\Chip-8-project\Chip-8-project\chip8.cpp(176,17):
      see declaration of 'X'
  
C:\Users\1\Desktop\Chip-8-emulator\Chip-8-project\Chip-8-project\chip8.cpp(189,3): error C2360: initialization of 'X' is skipped by 'case' label
      C:\Users\1\Desktop\Chip-8-emulator\Chip-8-project\Chip-8-project\chip8.cpp(183,17):
      see declaration of 'X'
  
C:\Users\1\Desktop\Chip-8-emulator\Chip-8-project\Chip-8-project\chip8.cpp(205,3): error C2360: initialization of 'sum' is skipped by 'case' label
      C:\Users\1\Desktop\Chip-8-emulator\Chip-8-project\Chip-8-project\chip8.cpp(191,19):
      see declaration of 'sum'
  
C:\Users\1\Desktop\Chip-8-emulator\Chip-8-project\Chip-8-project\chip8.cpp(205,3): error C2360: initialization of 'X' is skipped by 'case' label
      C:\Users\1\Desktop\Chip-8-emulator\Chip-8-project\Chip-8-project\chip8.cpp(190,17):
      see declaration of 'X'
  
C:\Users\1\Desktop\Chip-8-emulator\Chip-8-project\Chip-8-project\chip8.cpp(219,3): error C2360: initialization of 'Y' is skipped by 'case' label
      C:\Users\1\Desktop\Chip-8-emulator\Chip-8-project\Chip-8-project\chip8.cpp(207,17):
      see declaration of 'Y'
  
C:\Users\1\Desktop\Chip-8-emulator\Chip-8-project\Chip-8-project\chip8.cpp(219,3): error C2360: initialization of 'X' is skipped by 'case' label
      C:\Users\1\Desktop\Chip-8-emulator\Chip-8-project\Chip-8-project\chip8.cpp(206,17):
      see declaration of 'X'
  
C:\Users\1\Desktop\Chip-8-emulator\Chip-8-project\Chip-8-project\chip8.cpp(219,3): error C2360: initialization of 'sum' is skipped by 'case' label
      C:\Users\1\Desktop\Chip-8-emulator\Chip-8-project\Chip-8-project\chip8.cpp(191,19):
      see declaration of 'sum'
  
C:\Users\1\Desktop\Chip-8-emulator\Chip-8-project\Chip-8-project\chip8.cpp(232,3): error C2360: initialization of 'Y' is skipped by 'case' label
      C:\Users\1\Desktop\Chip-8-emulator\Chip-8-project\Chip-8-project\chip8.cpp(221,17):
      see declaration of 'Y'
  
C:\Users\1\Desktop\Chip-8-emulator\Chip-8-project\Chip-8-project\chip8.cpp(232,3): error C2360: initialization of 'X' is skipped by 'case' label
      C:\Users\1\Desktop\Chip-8-emulator\Chip-8-project\Chip-8-project\chip8.cpp(220,17):
      see declaration of 'X'
  
C:\Users\1\Desktop\Chip-8-emulator\Chip-8-project\Chip-8-project\chip8.cpp(232,3): error C2360: initialization of 'sum' is skipped by 'case' label
      C:\Users\1\Desktop\Chip-8-emulator\Chip-8-project\Chip-8-project\chip8.cpp(191,19):
      see declaration of 'sum'
  
C:\Users\1\Desktop\Chip-8-emulator\Chip-8-project\Chip-8-project\chip8.cpp(246,3): error C2360: initialization of 'Y' is skipped by 'case' label
      C:\Users\1\Desktop\Chip-8-emulator\Chip-8-project\Chip-8-project\chip8.cpp(234,17):
      see declaration of 'Y'
  
C:\Users\1\Desktop\Chip-8-emulator\Chip-8-project\Chip-8-project\chip8.cpp(246,3): error C2360: initialization of 'X' is skipped by 'case' label
      C:\Users\1\Desktop\Chip-8-emulator\Chip-8-project\Chip-8-project\chip8.cpp(233,17):
      see declaration of 'X'
  
C:\Users\1\Desktop\Chip-8-emulator\Chip-8-project\Chip-8-project\chip8.cpp(246,3): error C2360: initialization of 'sum' is skipped by 'case' label
      C:\Users\1\Desktop\Chip-8-emulator\Chip-8-project\Chip-8-project\chip8.cpp(191,19):
      see declaration of 'sum'
  
C:\Users\1\Desktop\Chip-8-emulator\Chip-8-project\Chip-8-project\chip8.cpp(258,3): error C2361: initialization of 'Y' is skipped by 'default' label
      C:\Users\1\Desktop\Chip-8-emulator\Chip-8-project\Chip-8-project\chip8.cpp(248,17):
      see declaration of 'Y'
  
C:\Users\1\Desktop\Chip-8-emulator\Chip-8-project\Chip-8-project\chip8.cpp(258,3): error C2361: initialization of 'X' is skipped by 'default' label
      C:\Users\1\Desktop\Chip-8-emulator\Chip-8-project\Chip-8-project\chip8.cpp(247,17):
      see declaration of 'X'
  
C:\Users\1\Desktop\Chip-8-emulator\Chip-8-project\Chip-8-project\chip8.cpp(258,3): error C2361: initialization of 'sum' is skipped by 'default' label
      C:\Users\1\Desktop\Chip-8-emulator\Chip-8-project\Chip-8-project\chip8.cpp(191,19):
      see declaration of 'sum'
  
C:\Users\1\Desktop\Chip-8-emulator\Chip-8-project\Chip-8-project\chip8.cpp(349,4): error C2360: initialization of 'X' is skipped by 'case' label
      C:\Users\1\Desktop\Chip-8-emulator\Chip-8-project\Chip-8-project\chip8.cpp(341,18):
      see declaration of 'X'
  
C:\Users\1\Desktop\Chip-8-emulator\Chip-8-project\Chip-8-project\chip8.cpp(357,4): error C2361: initialization of 'X' is skipped by 'default' label
      C:\Users\1\Desktop\Chip-8-emulator\Chip-8-project\Chip-8-project\chip8.cpp(350,18):
      see declaration of 'X'
  
C:\Users\1\Desktop\Chip-8-emulator\Chip-8-project\Chip-8-project\chip8.cpp(389,3): error C2361: initialization of 'VX' is skipped by 'default' label
      C:\Users\1\Desktop\Chip-8-emulator\Chip-8-project\Chip-8-project\chip8.cpp(382,18):
      see declaration of 'VX'
  
C:\Users\1\Desktop\Chip-8-emulator\Chip-8-project\Chip-8-project\main.cpp(103,14): warning C4804: '<': unsafe use of type 'bool' in operation
  Generating Code...
